# JRE version: OpenJDK Runtime Environment (7.0_51) (build 1.7.0_51-b00)
# Java VM: OpenJDK 64-Bit Server VM (24.45-b08 mixed mode linux-amd64 compressed oops)
Heap
 PSYoungGen      total 5940224K, used 5940208K [0x0000000655500000, 0x0000000800000000, 0x0000000800000000)
  eden space 4898816K, 100% used [0x0000000655500000,0x0000000780500000,0x0000000780500000)
  from space 1041408K, 99% used [0x0000000780500000,0x00000007bfdfc360,0x00000007bfe00000)
  to   space 1050624K, 58% used [0x00000007bfe00000,0x00000007e59981f0,0x0000000800000000)
 ParOldGen       total 13980672K, used 3533450K [0x0000000300000000, 0x0000000655500000, 0x0000000655500000)
  object space 13980672K, 25% used [0x0000000300000000,0x00000003d7aa2a50,0x0000000655500000)
 PSPermGen       total 21504K, used 3314K [0x00000002f5a00000, 0x00000002f6f00000, 0x0000000300000000)
  object space 21504K, 15% used [0x00000002f5a00000,0x00000002f5d3c8c0,0x00000002f6f00000)
GC Heap History (10 events):
Event: 45107.444 GC heap after
Heap after GC invocations=10532 (full 415):
 PSYoungGen      total 5619712K, used 441952K [0x0000000655500000, 0x00000007f9a80000, 0x0000000800000000)
  eden space 4475392K, 0% used [0x0000000655500000,0x0000000655500000,0x0000000766780000)
  from space 1144320K, 38% used [0x0000000766780000,0x00000007817182c0,0x00000007ac500000)
  to   space 1078272K, 0% used [0x00000007b7d80000,0x00000007b7d80000,0x00000007f9a80000)
 ParOldGen       total 13980672K, used 3004862K [0x0000000300000000, 0x0000000655500000, 0x0000000655500000)
  object space 13980672K, 21% used [0x0000000300000000,0x00000003b766f9b0,0x0000000655500000)
 PSPermGen       total 21504K, used 3314K [0x00000002f5a00000, 0x00000002f6f00000, 0x0000000300000000)
  object space 21504K, 15% used [0x00000002f5a00000,0x00000002f5d3c8c0,0x00000002f6f00000)
}
Event: 45114.094 GC heap before
{Heap before GC invocations=10533 (full 415):
 PSYoungGen      total 5619712K, used 4917344K [0x0000000655500000, 0x00000007f9a80000, 0x0000000800000000)
  eden space 4475392K, 100% used [0x0000000655500000,0x0000000766780000,0x0000000766780000)
  from space 1144320K, 38% used [0x0000000766780000,0x00000007817182c0,0x00000007ac500000)
  to   space 1078272K, 0% used [0x00000007b7d80000,0x00000007b7d80000,0x00000007f9a80000)
 ParOldGen       total 13980672K, used 3004862K [0x0000000300000000, 0x0000000655500000, 0x0000000655500000)
  object space 13980672K, 21% used [0x0000000300000000,0x00000003b766f9b0,0x0000000655500000)
 PSPermGen       total 21504K, used 3314K [0x00000002f5a00000, 0x00000002f6f00000, 0x0000000300000000)
  object space 21504K, 15% used [0x00000002f5a00000,0x00000002f5d3c8c0,0x00000002f6f00000)
Event: 45114.601 GC heap after
Heap after GC invocations=10533 (full 415):
 PSYoungGen      total 5763584K, used 443536K [0x0000000655500000, 0x00000007f4980000, 0x0000000800000000)
  eden space 4768256K, 0% used [0x0000000655500000,0x0000000655500000,0x0000000778580000)
  from space 995328K, 44% used [0x00000007b7d80000,0x00000007d2ea4270,0x00000007f4980000)
  to   space 1017856K, 0% used [0x0000000778580000,0x0000000778580000,0x00000007b6780000)
 ParOldGen       total 13980672K, used 3004862K [0x0000000300000000, 0x0000000655500000, 0x0000000655500000)
  object space 13980672K, 21% used [0x0000000300000000,0x00000003b766f9b0,0x0000000655500000)
 PSPermGen       total 21504K, used 3314K [0x00000002f5a00000, 0x00000002f6f00000, 0x0000000300000000)
  object space 21504K, 15% used [0x00000002f5a00000,0x00000002f5d3c8c0,0x00000002f6f00000)
}
Event: 45121.735 GC heap before
{Heap before GC invocations=10534 (full 415):
 PSYoungGen      total 5763584K, used 5211792K [0x0000000655500000, 0x00000007f4980000, 0x0000000800000000)
  eden space 4768256K, 100% used [0x0000000655500000,0x0000000778580000,0x0000000778580000)
  from space 995328K, 44% used [0x00000007b7d80000,0x00000007d2ea4270,0x00000007f4980000)
  to   space 1017856K, 0% used [0x0000000778580000,0x0000000778580000,0x00000007b6780000)
 ParOldGen       total 13980672K, used 3004862K [0x0000000300000000, 0x0000000655500000, 0x0000000655500000)
  object space 13980672K, 21% used [0x0000000300000000,0x00000003b766f9b0,0x0000000655500000)
 PSPermGen       total 21504K, used 3314K [0x00000002f5a00000, 0x00000002f6f00000, 0x0000000300000000)
  object space 21504K, 15% used [0x00000002f5a00000,0x00000002f5d3c8c0,0x00000002f6f00000)
Event: 45122.252 GC heap after
Heap after GC invocations=10534 (full 415):
 PSYoungGen      total 5786112K, used 445568K [0x0000000655500000, 0x00000007faa00000, 0x0000000800000000)
  eden space 4768256K, 0% used [0x0000000655500000,0x0000000655500000,0x0000000778580000)
  from space 1017856K, 43% used [0x0000000778580000,0x00000007938a02e0,0x00000007b6780000)
  to   space 962560K, 0% used [0x00000007bfe00000,0x00000007bfe00000,0x00000007faa00000)
 ParOldGen       total 13980672K, used 3004862K [0x0000000300000000, 0x0000000655500000, 0x0000000655500000)
  object space 13980672K, 21% used [0x0000000300000000,0x00000003b766f9b0,0x0000000655500000)
 PSPermGen       total 21504K, used 3314K [0x00000002f5a00000, 0x00000002f6f00000, 0x0000000300000000)
  object space 21504K, 15% used [0x00000002f5a00000,0x00000002f5d3c8c0,0x00000002f6f00000)
}
Event: 45133.924 GC heap before
{Heap before GC invocations=10535 (full 415):
 PSYoungGen      total 5786112K, used 5213824K [0x0000000655500000, 0x00000007faa00000, 0x0000000800000000)
  eden space 4768256K, 100% used [0x0000000655500000,0x0000000778580000,0x0000000778580000)
  from space 1017856K, 43% used [0x0000000778580000,0x00000007938a02e0,0x00000007b6780000)
  to   space 962560K, 0% used [0x00000007bfe00000,0x00000007bfe00000,0x00000007faa00000)
 ParOldGen       total 13980672K, used 3004862K [0x0000000300000000, 0x0000000655500000, 0x0000000655500000)
  object space 13980672K, 21% used [0x0000000300000000,0x00000003b766f9b0,0x0000000655500000)
 PSPermGen       total 21504K, used 3314K [0x00000002f5a00000, 0x00000002f6f00000, 0x0000000300000000)
  object space 21504K, 15% used [0x00000002f5a00000,0x00000002f5d3c8c0,0x00000002f6f00000)
Event: 45134.660 GC heap after
Heap after GC invocations=10535 (full 415):
 PSYoungGen      total 5861376K, used 803088K [0x0000000655500000, 0x0000000800000000, 0x0000000800000000)
  eden space 4898816K, 0% used [0x0000000655500000,0x0000000655500000,0x0000000780500000)
  from space 962560K, 83% used [0x00000007bfe00000,0x00000007f0e44390,0x00000007faa00000)
  to   space 1041408K, 0% used [0x0000000780500000,0x0000000780500000,0x00000007bfe00000)
 ParOldGen       total 13980672K, used 3004862K [0x0000000300000000, 0x0000000655500000, 0x0000000655500000)
  object space 13980672K, 21% used [0x0000000300000000,0x00000003b766f9b0,0x0000000655500000)
 PSPermGen       total 21504K, used 3314K [0x00000002f5a00000, 0x00000002f6f00000, 0x0000000300000000)
  object space 21504K, 15% used [0x00000002f5a00000,0x00000002f5d3c8c0,0x00000002f6f00000)
}
Event: 45139.561 GC heap before
{Heap before GC invocations=10536 (full 415):
 PSYoungGen      total 5861376K, used 5701904K [0x0000000655500000, 0x0000000800000000, 0x0000000800000000)
  eden space 4898816K, 100% used [0x0000000655500000,0x0000000780500000,0x0000000780500000)
  from space 962560K, 83% used [0x00000007bfe00000,0x00000007f0e44390,0x00000007faa00000)
  to   space 1041408K, 0% used [0x0000000780500000,0x0000000780500000,0x00000007bfe00000)
 ParOldGen       total 13980672K, used 3004862K [0x0000000300000000, 0x0000000655500000, 0x0000000655500000)
  object space 13980672K, 21% used [0x0000000300000000,0x00000003b766f9b0,0x0000000655500000)
 PSPermGen       total 21504K, used 3314K [0x00000002f5a00000, 0x00000002f6f00000, 0x0000000300000000)
  object space 21504K, 15% used [0x00000002f5a00000,0x00000002f5d3c8c0,0x00000002f6f00000)
Event: 45140.754 GC heap after
Heap after GC invocations=10536 (full 415):
 PSYoungGen      total 5940224K, used 1041392K [0x0000000655500000, 0x0000000800000000, 0x0000000800000000)
  eden space 4898816K, 0% used [0x0000000655500000,0x0000000655500000,0x0000000780500000)
  from space 1041408K, 99% used [0x0000000780500000,0x00000007bfdfc360,0x00000007bfe00000)
  to   space 1050624K, 0% used [0x00000007bfe00000,0x00000007bfe00000,0x0000000800000000)
 ParOldGen       total 13980672K, used 3533450K [0x0000000300000000, 0x0000000655500000, 0x0000000655500000)
  object space 13980672K, 25% used [0x0000000300000000,0x00000003d7aa2a50,0x0000000655500000)
 PSPermGen       total 21504K, used 3314K [0x00000002f5a00000, 0x00000002f6f00000, 0x0000000300000000)
  object space 21504K, 15% used [0x00000002f5a00000,0x00000002f5d3c8c0,0x00000002f6f00000)
}
Event: 45145.408 GC heap before
{Heap before GC invocations=10537 (full 415):
 PSYoungGen      total 5940224K, used 5940208K [0x0000000655500000, 0x0000000800000000, 0x0000000800000000)
  eden space 4898816K, 100% used [0x0000000655500000,0x0000000780500000,0x0000000780500000)
  from space 1041408K, 99% used [0x0000000780500000,0x00000007bfdfc360,0x00000007bfe00000)
  to   space 1050624K, 0% used [0x00000007bfe00000,0x00000007bfe00000,0x0000000800000000)
 ParOldGen       total 13980672K, used 3533450K [0x0000000300000000, 0x0000000655500000, 0x0000000655500000)
  object space 13980672K, 25% used [0x0000000300000000,0x00000003d7aa2a50,0x0000000655500000)
 PSPermGen       total 21504K, used 3314K [0x00000002f5a00000, 0x00000002f6f00000, 0x0000000300000000)
  object space 21504K, 15% used [0x00000002f5a00000,0x00000002f5d3c8c0,0x00000002f6f00000)

